// Logs mostrando a parada na execução de um nó onde ele para de receber mensagens e para de rodar o algoritmo. 
// Como ele era líder, para de enviar heartbeats e um novo líder é eleito. Ao voltar, ele detecta que o termo mudou e vira follower deste novo líder
// Frequência de logs é de 2 em 2 segundos, e os timeouts randomicos estão entre 15 e 30 segundos.

[412s][Node 1/leader/term 2] Node Running...
[412s][Node 1/leader/term 2] Sending Heartbeats...
[412s][Node 1/leader/term 2] Sending AppendEntries to Node 2
[412s][Node 1/leader/term 2] Sending AppendEntries to Node 3
[412s][Node 1/leader/term 2] Sending AppendEntries to Node 4
[412s][Node 1/leader/term 2] Sending AppendEntries to Node 5
[412s][Node 1/leader/term 2] All heartbeats sent
[411s][Node 2/follower/term 2] Node Running...
[411s][Node 2/follower/term 2] Waiting for heartbeat...
[412s][Node 2/follower/term 2] Received AppendEntries
[412s][Node 3/follower/term 2] Node Running...
[412s][Node 3/follower/term 2] Waiting for heartbeat...
[412s][Node 3/follower/term 2] Received AppendEntries
[412s][Node 4/follower/term 2] Node Running...
[412s][Node 4/follower/term 2] Waiting for heartbeat...
[412s][Node 4/follower/term 2] Received AppendEntries
[412s][Node 5/follower/term 2] Node Running...
[412s][Node 5/follower/term 2] Waiting for heartbeat...
[412s][Node 5/follower/term 2] Received AppendEntries

// Nó 1 é líder e recebe um sinal de StopNode. Nó 2 é follower e também recebe sinal de StopNode.
// A partir daí, o Nó 1 e 2 param de executar e os Nós 3, 4 e 5 ficam esperando o heartbeat.

[413s][Node 1/leader/term 2] StopNode received.
[413s][Node 2/follower/term 2] StopNode received.

[414s][Node 3/follower/term 2] Node Running...
[414s][Node 3/follower/term 2] Waiting for heartbeat...
[416s][Node 3/follower/term 2] Node Running...
[416s][Node 3/follower/term 2] Waiting for heartbeat...
[414s][Node 4/follower/term 2] Node Running...
[414s][Node 4/follower/term 2] Waiting for heartbeat...
[416s][Node 4/follower/term 2] Node Running...
[416s][Node 4/follower/term 2] Waiting for heartbeat...
[414s][Node 5/follower/term 2] Node Running...
[414s][Node 5/follower/term 2] Waiting for heartbeat...
[416s][Node 5/follower/term 2] Node Running...
[416s][Node 5/follower/term 2] Waiting for heartbeat...


// Timeout do Nó 3 e do Nó 5 estouram muito próximo um do outro.
// Ambos iniciam uma eleição e enviam RequestVote para os outros nós.

[434s][Node 3/follower/term 2] Node Running...
[434s][Node 3/follower/term 2] Waiting for heartbeat...
[434s][Node 3/follower/term 2] No HeartBeat received within ElectionTimeout. Changing state do candidate
[436s][Node 3/candidate/term 2] Node Running...
[436s][Node 3/candidate/term 2] Starting election
[436s][Node 3/candidate/term 3] Sending RequestVote to Node 1
[436s][Node 3/candidate/term 3] Sending RequestVote to Node 2
[436s][Node 3/candidate/term 3] Sending RequestVote to Node 4
[436s][Node 3/candidate/term 3] Sending RequestVote to Node 5
[436s][Node 3/candidate/term 3] RequestVotes Sent. Waiting for Replies... (ElectionTimeoutLimit = 80)

[436s][Node 4/follower/term 2] Node Running...
[436s][Node 4/follower/term 2] Waiting for heartbeat...
[436s][Node 4/follower/term 2] Received RequestVote
[438s][Node 4/follower/term 2] Node Running...
[438s][Node 4/follower/term 2] Processing RequestVote
[438s][Node 4/follower/term 2] Received Higher Term from Node 3. Changing to Follower

[436s][Node 5/follower/term 2] Node Running...
[436s][Node 5/follower/term 2] Waiting for heartbeat...
[436s][Node 5/follower/term 2] No HeartBeat received within ElectionTimeout. Changing state do candidate
[436s][Node 5/candidate/term 2] Received RequestVote
[438s][Node 5/candidate/term 2] Node Running...
[438s][Node 5/candidate/term 2] Processing RequestVote
[438s][Node 5/candidate/term 2] Received Higher Term from Node 3. Changing to Follower

// Como o RequestVote do Nó 3 foi enviado ligeiramente antes, ele ganha a eleição e vira o novo líder
// (Nó 1 e Nó 2 estão parados...)

[438s][Node 3/candidate/term 3] Received RequestVoteReply YES
[438s][Node 3/candidate/term 3] Node Running...
[438s][Node 3/candidate/term 3] Processing Received Votes
[438s][Node 3/candidate/term 3] Retrying RequestVote to Node 1
[438s][Node 3/candidate/term 3] Retrying RequestVote to Node 2
[438s][Node 3/candidate/term 3] Received RequestVoteReply YES
[440s][Node 3/candidate/term 3] Node Running...
[440s][Node 3/candidate/term 3] Processing Received Votes
[440s][Node 3/candidate/term 3] Election Won. Changing state to leader
[442s][Node 3/leader/term 3] Node Running...
[442s][Node 3/leader/term 3] Sending Heartbeats...
[442s][Node 3/leader/term 3] Sending AppendEntries to Node 1
[442s][Node 3/leader/term 3] Sending AppendEntries to Node 2
[442s][Node 3/leader/term 3] Sending AppendEntries to Node 4
[442s][Node 3/leader/term 3] Sending AppendEntries to Node 5
[442s][Node 3/leader/term 3] All heartbeats sent
[442s][Node 4/follower/term 3] Node Running...
[442s][Node 4/follower/term 3] Waiting for heartbeat...
[442s][Node 4/follower/term 3] Received AppendEntries
[442s][Node 5/follower/term 3] Node Running...
[442s][Node 5/follower/term 3] Waiting for heartbeat...
[442s][Node 5/follower/term 3] Received AppendEntries
...

// Nó 1 e Nó 2 voltam a executar. 
// Nó 1 era líder, e volta achando que ainda é líder, enviando heartbeat (de termo anterior) para outros nós

[455s][Node 1/leader/term 2] ResumeNode received.
[456s][Node 1/leader/term 2] Node Running...
[456s][Node 1/leader/term 2] Sending Heartbeats...
[456s][Node 1/leader/term 2] Sending AppendEntries to Node 2
[456s][Node 1/leader/term 2] Sending AppendEntries to Node 3
[456s][Node 1/leader/term 2] Sending AppendEntries to Node 4
[456s][Node 1/follower/term 3] Sending AppendEntries to Node 5
[456s][Node 1/follower/term 3] All heartbeats sent
[455s][Node 2/follower/term 2] ResumeNode received.
[455s][Node 2/follower/term 2] Node Running...
[455s][Node 2/follower/term 2] Waiting for heartbeat...
[456s][Node 2/follower/term 2] Received AppendEntries

// Mas Nó 1 recebe um Heartbeat do Nó 3 com termo maior, então vira follower e troca seu termo

[456s][Node 1/leader/term 2] Received AppendEntries
[456s][Node 1/leader/term 2] AppendEntries with higher or equal term. Changing to follower
[458s][Node 1/follower/term 3] Node Running...
[458s][Node 1/follower/term 3] Waiting for heartbeat...
[458s][Node 1/follower/term 3] Received AppendEntries