// Logs mostrando a partição de um nó onde ele para de receber mensagens mas continua rodando. Depois, volta a receber mensagens e vira o novo líder
// Frequência de logs é de 2 em 2 segundos, e os timeouts randomicos estão entre 15 e 30 segundos.

// Nó 1 é follower e recebe um sinal de PartitionNode. 
//A partir daí para de receber os Heartbeats e fica esperando até dar timeout

[142s][Node 1/follower/term 1] PartitionNode received
[142s][Node 1/follower/term 1] Node Running...
[142s][Node 1/follower/term 1] Waiting for heartbeat...
[144s][Node 1/follower/term 1] Node Running...
[144s][Node 1/follower/term 1] Waiting for heartbeat...
...
[166s][Node 1/follower/term 1] Node Running...
[166s][Node 1/follower/term 1] Waiting for heartbeat...
[166s][Node 1/follower/term 1] No HeartBeat received within ElectionTimeout. Changing state do candidate
[168s][Node 1/candidate/term 1] Node Running...
[168s][Node 1/candidate/term 1] Starting election
[168s][Node 1/candidate/term 2] RequestVotes Sent. Waiting for Replies... (ElectionTimeoutLimit = 74)

// Como o Nó está particionado da Rede, os seus RequestVotes não chegam nos outros nós.
// Ele fica tentando enviá-los, e esperando respostas, mas sem sucesso.
[170s][Node 1/candidate/term 2] Node Running...
[170s][Node 1/candidate/term 2] Processing Received Votes
[172s][Node 1/candidate/term 2] Node Running...
[172s][Node 1/candidate/term 2] Processing Received Votes
[174s][Node 1/candidate/term 2] Node Running...
[174s][Node 1/candidate/term 2] Processing Received Votes
[176s][Node 1/candidate/term 2] Node Running...
[176s][Node 1/candidate/term 2] Processing Received Votes

// Após receber o sinal de ResumeNode, ele volta a rede e consegue enviar os RequestVotes
[177s][Node 1/candidate/term 2] ResumeNode received.
[178s][Node 1/candidate/term 2] Node Running...
[178s][Node 1/candidate/term 2] Processing Received Votes
[178s][Node 1/candidate/term 2] Retrying RequestVote to Node 2
[178s][Node 1/candidate/term 2] RequestVote ACK received from Node 2
[178s][Node 1/candidate/term 2] Retrying RequestVote to Node 4
[178s][Node 1/candidate/term 2] Received RequestVoteReply YES
[178s][Node 1/candidate/term 2] RequestVote ACK received from Node 4
[178s][Node 1/candidate/term 2] Received RequestVoteReply YES

// Os outros nós recebem um RequestVote com termo maior e trocam de termo e de líder
[178s][Node 2/follower/term 1] Received RequestVote
[178s][Node 2/follower/term 1] Node Running...
[178s][Node 2/follower/term 1] Processing RequestVote
[178s][Node 2/follower/term 1] Received Higher Term from Node 1. Changing to Follower
[182s][Node 3/leader/term 1] Received AppendEntries
[182s][Node 3/leader/term 1] AppendEntries with higher or equal term. Changing to follower
[182s][Node 3/follower/term 2] Node Running...
[182s][Node 3/follower/term 2] Waiting for heartbeat...
[178s][Node 4/follower/term 1] Node Running...
[178s][Node 4/follower/term 1] Processing RequestVote
[178s][Node 4/follower/term 1] Received Higher Term from Node 1. Changing to Follower
[182s][Node 5/follower/term 1] Received AppendEntries
[184s][Node 5/follower/term 2] Node Running...
[184s][Node 5/follower/term 2] Waiting for heartbeat...
[184s][Node 5/follower/term 2] Received AppendEntries


// Ao receber uma resposta positiva de 2 outros nós, já tem maioria e se declara novo líder
[180s][Node 1/candidate/term 2] Node Running...
[180s][Node 1/candidate/term 2] Processing Received Votes
[180s][Node 1/candidate/term 2] Election Won. Changing state to leader

// Começa a enviar heartbeats com um novo termo
[182s][Node 1/leader/term 2] Node Running...
[182s][Node 1/leader/term 2] Sending Heartbeats...
[182s][Node 1/leader/term 2] Sending AppendEntries to Node 2
[182s][Node 1/leader/term 2] Sending AppendEntries to Node 3
[182s][Node 1/leader/term 2] Sending AppendEntries to Node 4
[182s][Node 1/leader/term 2] Sending AppendEntries to Node 5
[182s][Node 1/leader/term 2] All heartbeats sent
[184s][Node 1/leader/term 2] Node Running...
[184s][Node 1/leader/term 2] Sending Heartbeats...
[184s][Node 1/leader/term 2] Sending AppendEntries to Node 2
[184s][Node 1/leader/term 2] Sending AppendEntries to Node 3
[184s][Node 1/leader/term 2] Sending AppendEntries to Node 4
[184s][Node 1/leader/term 2] Sending AppendEntries to Node 5
[184s][Node 1/leader/term 2] All heartbeats sent

// E os outros nós passam a esperar heartbeat do novo líder
[182s][Node 2/follower/term 2] Node Running...
[182s][Node 2/follower/term 2] Waiting for heartbeat...
[184s][Node 2/follower/term 2] Node Running...
[184s][Node 2/follower/term 2] Waiting for heartbeat...
[184s][Node 2/follower/term 2] Received AppendEntries
[184s][Node 3/follower/term 2] Node Running...
[184s][Node 3/follower/term 2] Waiting for heartbeat...
[184s][Node 3/follower/term 2] Received AppendEntries
[184s][Node 4/follower/term 2] Node Running...
[184s][Node 4/follower/term 2] Waiting for heartbeat...
[184s][Node 4/follower/term 2] Received AppendEntries
[186s][Node 5/follower/term 2] Node Running...
[186s][Node 5/follower/term 2] Waiting for heartbeat...
[186s][Node 5/follower/term 2] Received AppendEntries