// Logs mostrando a primeira eleição e estabelecimento do primeiro líder.
// Frequência de logs é de 2 em 2 segundos, e os timeouts randomicos estão entre 15 e 30 segundos.

// Inicialização dos Servidores. Todos começam como Followers, esperando por Heartbeats..

[30s][Node 1/follower/term 0] InitializingNode received
[30s][Node 1/follower/term 0] Node Running...
[30s][Node 1/follower/term 0] Waiting for heartbeat...
[30s][Node 2/follower/term 0] InitializingNode received
[30s][Node 2/follower/term 0] Node Running...
[30s][Node 2/follower/term 0] Waiting for heartbeat...
[30s][Node 3/follower/term 0] InitializingNode received
[30s][Node 3/follower/term 0] Node Running...
[30s][Node 3/follower/term 0] Waiting for heartbeat...
[30s][Node 4/follower/term 0] InitializingNode received
[30s][Node 4/follower/term 0] Node Running...
[30s][Node 4/follower/term 0] Waiting for heartbeat...
[30s][Node 5/follower/term 0] InitializingNode received
[30s][Node 5/follower/term 0] Node Running...
[30s][Node 5/follower/term 0] Waiting for heartbeat...

...
...

// Timeout do Nó 3 é atingido primeiro. Ele troca de estado, inicia eleição e envia RequestVote para outros nós

[52s][Node 3/follower/term 0] No HeartBeat received within ElectionTimeout. Changing state do candidate
[54s][Node 3/candidate/term 0] Node Running...
[54s][Node 3/candidate/term 0] Starting election
[54s][Node 3/candidate/term 1] Sending RequestVote to Node 1
[54s][Node 3/candidate/term 1] Sending RequestVote to Node 2
[54s][Node 3/candidate/term 1] Sending RequestVote to Node 4
[54s][Node 3/candidate/term 1] Sending RequestVote to Node 5
[54s][Node 3/candidate/term 1] RequestVotes Sent. Waiting for Replies... (ElectionTimeoutLimit = 59)


// Nós Recebem RequestVote. Nó 5 também atinge timeout e muda para candidato, mas depois do nó 3
[54s][Node 1/follower/term 0] Received RequestVote
[54s][Node 2/follower/term 0] Received RequestVote
[54s][Node 4/follower/term 0] Received RequestVote
[54s][Node 5/follower/term 0] No HeartBeat received within ElectionTimeout. Changing state do candidate
[54s][Node 5/candidate/term 0] Received RequestVote


// Nós respondem ao RequestVote, mudando para followers e registrando o Nó 3 como líder.
[56s][Node 1/follower/term 0] Node Running...
[56s][Node 1/follower/term 0] Processing RequestVote
[56s][Node 1/follower/term 0] Received Higher Term from Node 3. Changing to Follower
[56s][Node 2/follower/term 0] Node Running...
[56s][Node 2/follower/term 0] Processing RequestVote
[56s][Node 2/follower/term 0] Received Higher Term from Node 3. Changing to Follower
[56s][Node 4/follower/term 0] Node Running...
[56s][Node 4/follower/term 0] Processing RequestVote
[56s][Node 4/follower/term 0] Received Higher Term from Node 3. Changing to Follower
[56s][Node 5/candidate/term 0] Node Running...
[56s][Node 5/candidate/term 0] Processing RequestVote
[56s][Node 5/candidate/term 0] Received Higher Term from Node 3. Changing to Follower


// Nó 3 Recebe as respostas de RequestVote, e se declara Líder. Começa a enviar os Heartbeats
[56s][Node 3/candidate/term 1] Received RequestVoteReply YES
[56s][Node 3/candidate/term 1] Node Running...
[56s][Node 3/candidate/term 1] Processing Received Votes
[56s][Node 3/candidate/term 1] Received RequestVoteReply YES
[56s][Node 3/candidate/term 1] Received RequestVoteReply YES
[56s][Node 3/candidate/term 1] Received RequestVoteReply YES
[58s][Node 3/candidate/term 1] Node Running...
[58s][Node 3/candidate/term 1] Processing Received Votes
[58s][Node 3/candidate/term 1] Election Won. Changing state to leader
[60s][Node 3/leader/term 1] Node Running...
[60s][Node 3/leader/term 1] Sending Heartbeats...
[60s][Node 3/leader/term 1] Sending AppendEntries to Node 1
[60s][Node 3/leader/term 1] Sending AppendEntries to Node 2
[60s][Node 3/leader/term 1] Sending AppendEntries to Node 4
[60s][Node 3/leader/term 1] Sending AppendEntries to Node 5
[60s][Node 3/leader/term 1] All heartbeats sent

// Nós seguidores recebem heartbeats e zeram seus timeouts
[60s][Node 1/follower/term 1] Node Running...
[60s][Node 1/follower/term 1] Waiting for heartbeat...
[60s][Node 1/follower/term 1] Received AppendEntries
[60s][Node 2/follower/term 1] Node Running...
[60s][Node 2/follower/term 1] Waiting for heartbeat...
[60s][Node 2/follower/term 1] Received AppendEntries
[60s][Node 4/follower/term 1] Node Running...
[60s][Node 4/follower/term 1] Waiting for heartbeat...
[60s][Node 4/follower/term 1] Received AppendEntries
[60s][Node 5/follower/term 1] Node Running...
[60s][Node 5/follower/term 1] Waiting for heartbeat...
[60s][Node 5/follower/term 1] Received AppendEntries
